<?xml version="1.0" encoding="UTF-8" ?>
<testsuite tests="10" failures="0" name="StepDefinitions.TestRunner" time="22.088" errors="5" skipped="0">
  <properties>
[...]
</properties>
  <testcase classname="Background feature" name="check logout link" time="3.665">
    <error message="The step &apos;user is navigated to he homepage&apos; and 2 other step(s) are undefined.
You can implement these steps using the snippet(s) below:

@Then(&quot;user is navigated to he homepage&quot;)
public void user_is_navigated_to_he_homepage() {
    // Write code here that turns the phrase above into concrete actions
    throw new io.cucumber.java.PendingException();
}
@When(&quot;user clicks on welcome link&quot;)
public void user_clicks_on_welcome_link() {
    // Write code here that turns the phrase above into concrete actions
    throw new io.cucumber.java.PendingException();
}
@Then(&quot;logout link is displayed&quot;)
public void logout_link_is_displayed() {
    // Write code here that turns the phrase above into concrete actions
    throw new io.cucumber.java.PendingException();
}
" type="io.cucumber.junit.UndefinedStepException">io.cucumber.junit.UndefinedStepException: The step &apos;user is navigated to he homepage&apos; and 2 other step(s) are undefined.
You can implement these steps using the snippet(s) below:

@Then(&quot;user is navigated to he homepage&quot;)
public void user_is_navigated_to_he_homepage() {
    // Write code here that turns the phrase above into concrete actions
    throw new io.cucumber.java.PendingException();
}
@When(&quot;user clicks on welcome link&quot;)
public void user_clicks_on_welcome_link() {
    // Write code here that turns the phrase above into concrete actions
    throw new io.cucumber.java.PendingException();
}
@Then(&quot;logout link is displayed&quot;)
public void logout_link_is_displayed() {
    // Write code here that turns the phrase above into concrete actions
    throw new io.cucumber.java.PendingException();
}

</error>
    <system-out>
@tag @smoke
Scenario: check logout link              # src/test/resources/Features/Background.feature:11
  Given user is on login page            # StepDefinitions.LoginSteps.user_is_on_login_page()
  When user enters username and password # StepDefinitions.LoginSteps.user_enters_username_and_password(java.lang.String,java.lang.String)
  And user clicks on login button        # StepDefinitions.LoginSteps.user_clicks_on_login_button()
  Then user is navigated to he homepage
  When user clicks on welcome link
  Then logout link is displayed
</system-out>
    <system-err>SLF4J: No SLF4J providers were found.
SLF4J: Defaulting to no-operation (NOP) logger implementation
SLF4J: See https://www.slf4j.org/codes.html#noProviders for further details.
Starting ChromeDriver 111.0.5563.64 (c710e93d5b63b7095afe8c2c17df34408078439d-refs/branch-heads/5563@{#995}) on port 44511
Only local connections are allowed.
Please see https://chromedriver.chromium.org/security-considerations for suggestions on keeping ChromeDriver safe.
ChromeDriver was started successfully.
</system-err>
  </testcase>
  <testcase classname="Background feature" name="verify quick launch toolbar is present" time="2.677">
    <error message="The step &apos;user is navigated to he homepage&apos; and 2 other step(s) are undefined.
You can implement these steps using the snippet(s) below:

@Then(&quot;user is navigated to he homepage&quot;)
public void user_is_navigated_to_he_homepage() {
    // Write code here that turns the phrase above into concrete actions
    throw new io.cucumber.java.PendingException();
}
@When(&quot;user clicks on dashboard link&quot;)
public void user_clicks_on_dashboard_link() {
    // Write code here that turns the phrase above into concrete actions
    throw new io.cucumber.java.PendingException();
}
@Then(&quot;quick lanch is displayed&quot;)
public void quick_lanch_is_displayed() {
    // Write code here that turns the phrase above into concrete actions
    throw new io.cucumber.java.PendingException();
}
" type="io.cucumber.junit.UndefinedStepException">io.cucumber.junit.UndefinedStepException: The step &apos;user is navigated to he homepage&apos; and 2 other step(s) are undefined.
You can implement these steps using the snippet(s) below:

@Then(&quot;user is navigated to he homepage&quot;)
public void user_is_navigated_to_he_homepage() {
    // Write code here that turns the phrase above into concrete actions
    throw new io.cucumber.java.PendingException();
}
@When(&quot;user clicks on dashboard link&quot;)
public void user_clicks_on_dashboard_link() {
    // Write code here that turns the phrase above into concrete actions
    throw new io.cucumber.java.PendingException();
}
@Then(&quot;quick lanch is displayed&quot;)
public void quick_lanch_is_displayed() {
    // Write code here that turns the phrase above into concrete actions
    throw new io.cucumber.java.PendingException();
}

</error>
    <system-out>
@tag @tag2
Scenario: verify quick launch toolbar is present # src/test/resources/Features/Background.feature:17
  Given user is on login page                    # StepDefinitions.LoginSteps.user_is_on_login_page()
  When user enters username and password         # StepDefinitions.LoginSteps.user_enters_username_and_password(java.lang.String,java.lang.String)
  And user clicks on login button                # StepDefinitions.LoginSteps.user_clicks_on_login_button()
  Then user is navigated to he homepage
  When user clicks on dashboard link
  Then quick lanch is displayed
</system-out>
    <system-err>Starting ChromeDriver 111.0.5563.64 (c710e93d5b63b7095afe8c2c17df34408078439d-refs/branch-heads/5563@{#995}) on port 32142
Only local connections are allowed.
Please see https://chromedriver.chromium.org/security-considerations for suggestions on keeping ChromeDriver safe.
ChromeDriver was started successfully.
</system-err>
  </testcase>
  <testcase classname="Test google search functionality" name="Validate google search" time="5.15"/>
  <testcase classname="Test hooks feature" name="Login page" time="0.007">
    <error message="The step &apos;user is on login page hooks&apos; and 3 other step(s) are undefined.
You can implement these steps using the snippet(s) below:

@Given(&quot;user is on login page hooks&quot;)
public void user_is_on_login_page_hooks() {
    // Write code here that turns the phrase above into concrete actions
    throw new io.cucumber.java.PendingException();
}
@When(&quot;user enters valid username and password&quot;)
public void user_enters_valid_username_and_password() {
    // Write code here that turns the phrase above into concrete actions
    throw new io.cucumber.java.PendingException();
}
@When(&quot;clicks on login button&quot;)
public void clicks_on_login_button() {
    // Write code here that turns the phrase above into concrete actions
    throw new io.cucumber.java.PendingException();
}
@Then(&quot;user is navigated to the home page&quot;)
public void user_is_navigated_to_the_home_page() {
    // Write code here that turns the phrase above into concrete actions
    throw new io.cucumber.java.PendingException();
}
" type="io.cucumber.junit.UndefinedStepException">io.cucumber.junit.UndefinedStepException: The step &apos;user is on login page hooks&apos; and 3 other step(s) are undefined.
You can implement these steps using the snippet(s) below:

@Given(&quot;user is on login page hooks&quot;)
public void user_is_on_login_page_hooks() {
    // Write code here that turns the phrase above into concrete actions
    throw new io.cucumber.java.PendingException();
}
@When(&quot;user enters valid username and password&quot;)
public void user_enters_valid_username_and_password() {
    // Write code here that turns the phrase above into concrete actions
    throw new io.cucumber.java.PendingException();
}
@When(&quot;clicks on login button&quot;)
public void clicks_on_login_button() {
    // Write code here that turns the phrase above into concrete actions
    throw new io.cucumber.java.PendingException();
}
@Then(&quot;user is navigated to the home page&quot;)
public void user_is_navigated_to_the_home_page() {
    // Write code here that turns the phrase above into concrete actions
    throw new io.cucumber.java.PendingException();
}

</error>
    <system-out>
@tag @tag1
Scenario: Login page                           # src/test/resources/Features/Hooks.feature:23
  Given user is on login page hooks
  When user enters valid username and password
  And clicks on login button
  Then user is navigated to the home page
</system-out>
  </testcase>
  <testcase classname="Test hooks feature" name="Test Scenario #1" time="0.008">
    <error message="The step &apos;we have a Cristian and 123456&apos; and 1 other step(s) are undefined.
You can implement these steps using the snippet(s) below:

@Given(&quot;we have a Cristian and {int}&quot;)
public void we_have_a_cristian_and(Integer int1) {
    // Write code here that turns the phrase above into concrete actions
    throw new io.cucumber.java.PendingException();
}
@Then(&quot;print Cristian and {int}&quot;)
public void print_cristian_and(Integer int1) {
    // Write code here that turns the phrase above into concrete actions
    throw new io.cucumber.java.PendingException();
}
" type="io.cucumber.junit.UndefinedStepException">io.cucumber.junit.UndefinedStepException: The step &apos;we have a Cristian and 123456&apos; and 1 other step(s) are undefined.
You can implement these steps using the snippet(s) below:

@Given(&quot;we have a Cristian and {int}&quot;)
public void we_have_a_cristian_and(Integer int1) {
    // Write code here that turns the phrase above into concrete actions
    throw new io.cucumber.java.PendingException();
}
@Then(&quot;print Cristian and {int}&quot;)
public void print_cristian_and(Integer int1) {
    // Write code here that turns the phrase above into concrete actions
    throw new io.cucumber.java.PendingException();
}

</error>
    <system-out>
@tag @ScenarioOutline
Scenario Outline: Test Scenario       # src/test/resources/Features/Hooks.feature:36
  Given we have a Cristian and 123456
  Then print Cristian and 123456
</system-out>
  </testcase>
  <testcase classname="Test hooks feature" name="Test Scenario #2" time="0.004">
    <error message="The step &apos;we have a David and 123456&apos; and 1 other step(s) are undefined.
You can implement these steps using the snippet(s) below:

@Given(&quot;we have a David and {int}&quot;)
public void we_have_a_david_and(Integer int1) {
    // Write code here that turns the phrase above into concrete actions
    throw new io.cucumber.java.PendingException();
}
@Then(&quot;print David and {int}&quot;)
public void print_david_and(Integer int1) {
    // Write code here that turns the phrase above into concrete actions
    throw new io.cucumber.java.PendingException();
}
" type="io.cucumber.junit.UndefinedStepException">io.cucumber.junit.UndefinedStepException: The step &apos;we have a David and 123456&apos; and 1 other step(s) are undefined.
You can implement these steps using the snippet(s) below:

@Given(&quot;we have a David and {int}&quot;)
public void we_have_a_david_and(Integer int1) {
    // Write code here that turns the phrase above into concrete actions
    throw new io.cucumber.java.PendingException();
}
@Then(&quot;print David and {int}&quot;)
public void print_david_and(Integer int1) {
    // Write code here that turns the phrase above into concrete actions
    throw new io.cucumber.java.PendingException();
}

</error>
    <system-out>
@tag @ScenarioOutline
Scenario Outline: Test Scenario    # src/test/resources/Features/Hooks.feature:37
  Given we have a David and 123456
  Then print David and 123456
</system-out>
  </testcase>
  <testcase classname="Feature to demo tags" name="Sample 1" time="0.004"/>
  <testcase classname="Test Login Functionality" name="Check login with valid credencials #1" time="2.646"/>
  <testcase classname="Test Login Functionality" name="Check login with valid credencials #2" time="4.729"/>
  <testcase classname="Test Login Functionality" name="Check login with valid credencials #3" time="3.198"/>
</testsuite>